<?xml version="1.0" encoding="UTF-8"?>
<!-- Generated by org.testng.reporters.JUnitReportReporter -->
<testsuite hostname="DESKTOP-V5DK38T" failures="0" tests="4" name="api.tests.UserTests" time="12.644" errors="0" timestamp="2024-11-27T16:46:27 IST" skipped="0">
  <testcase classname="api.tests.UserTests" name="testPostUser" time="6.067"/>
  <testcase classname="api.tests.UserTests" name="testGetUserByName" time="1.629"/>
  <testcase classname="api.tests.UserTests" name="testUpdateUserByName" time="3.318"/>
  <testcase classname="api.tests.UserTests" name="testDeleteUserByName" time="1.630"/>
</testsuite> <!-- api.tests.UserTests -->
